[01m[K/home/astroteo/Documents/BeerDrone/src/stereo_particle_slam/src/stereo_image_processor.cpp:[m[K In member function â€˜[01m[Kvoid StereoImageProcessor::rightImageReceiveCallback(const ImageConstPtr&)[m[Kâ€™:
[01m[K/home/astroteo/Documents/BeerDrone/src/stereo_particle_slam/src/stereo_image_processor.cpp:58:5:[m[K [01;31m[Kerror: [m[Kexpected primary-expression before â€˜[01m[Kcatch[m[Kâ€™
   58 |     [01;31m[Kcatch[m[K(std::exception& ex)
      |     [01;31m[K^~~~~[m[K
[01m[K/home/astroteo/Documents/BeerDrone/src/stereo_particle_slam/src/stereo_image_processor.cpp:70:1:[m[K [01;31m[Kerror: [m[Kexpected â€˜[01m[Kcatch[m[Kâ€™ before â€˜[01m[K}[m[Kâ€™ token
   70 | [01;31m[K}[m[K
      | [01;31m[K^[m[K
[01m[K/home/astroteo/Documents/BeerDrone/src/stereo_particle_slam/src/stereo_image_processor.cpp:70:1:[m[K [01;31m[Kerror: [m[Kexpected â€˜[01m[K([m[Kâ€™ before â€˜[01m[K}[m[Kâ€™ token
   70 | [01;31m[K}[m[K
      | [01;31m[K^[m[K
      | [32m[K([m[K
[01m[K/home/astroteo/Documents/BeerDrone/src/stereo_particle_slam/src/stereo_image_processor.cpp:70:1:[m[K [01;31m[Kerror: [m[Kexpected type-specifier before â€˜[01m[K}[m[Kâ€™ token
[01m[K/home/astroteo/Documents/BeerDrone/src/stereo_particle_slam/src/stereo_image_processor.cpp:65:4:[m[K [01;31m[Kerror: [m[Kexpected â€˜[01m[K)[m[Kâ€™ before â€˜[01m[K}[m[Kâ€™ token
   65 |   }
      |    [01;31m[K^[m[K
      |    [32m[K)[m[K
......
   70 | [32m[K}[m[K
      | [32m[K~[m[K   
[01m[K/home/astroteo/Documents/BeerDrone/src/stereo_particle_slam/src/stereo_image_processor.cpp:70:1:[m[K [01;31m[Kerror: [m[Kexpected â€˜[01m[K{[m[Kâ€™ before â€˜[01m[K}[m[Kâ€™ token
   70 | [01;31m[K}[m[K
      | [01;31m[K^[m[K
make[2]: *** [CMakeFiles/stereo_particle_slam.dir/build.make:63: CMakeFiles/stereo_particle_slam.dir/src/stereo_image_processor.cpp.o] Error 1
make[1]: *** [CMakeFiles/Makefile2:516: CMakeFiles/stereo_particle_slam.dir/all] Error 2
make: *** [Makefile:141: all] Error 2
